<?xml version="1.0" encoding="UTF-8"?>
<testng-results skipped="0" failed="0" total="1" passed="1">
  <reporter-output>
  </reporter-output>
  <suite name="Default suite" duration-ms="24316" started-at="2015-12-30T09:18:55Z" finished-at="2015-12-30T09:19:20Z">
    <groups>
    </groups>
    <test name="Default test" duration-ms="24316" started-at="2015-12-30T09:18:55Z" finished-at="2015-12-30T09:19:20Z">
      <class name="xtentreport.extentreportgenera">
        <test-method status="PASS" signature="xtentTest()[pri:0, instance:xtentreport.extentreportgenera@6046f6e4]" name="xtentTest" duration-ms="24285" started-at="2015-12-30T14:48:55Z" finished-at="2015-12-30T14:49:20Z">
          <reporter-output>
          </reporter-output>
        </test-method> <!-- xtentTest -->
      </class> <!-- xtentreport.extentreportgenera -->
    </test> <!-- Default test -->
  </suite> <!-- Default suite -->
</testng-results>
